<?xml version="1.0" encoding="UTF-8"?>
<!-- Generated by org.testng.reporters.JUnitReportReporter -->
<testsuite hostname="DESKTOP-O5LKBJK" failures="0" tests="1" name="qa.tests.TestCase1" time="11.200" errors="0" timestamp="2023-09-04T02:04:22 IST" skipped="0">
  <testcase classname="qa.tests.TestCase1" name="sampleMethodForEnteringCredentials" time="11.200"/>
</testsuite> <!-- qa.tests.TestCase1 -->
